<?xml version="1.0" encoding="UTF-8" standalone="yes"?>
<testsuites name="OrangeHRMSmokeTest" time="26" tests="5" failures="0" errors="0">
    <testsuite name="OrangeHRMSmokeTest" tests="5" failures="0" errors="0" time="26" timestamp="2019-11-28 20:21:44" hostname="Kannan - DESKTOP-7CAFB21" id="Test Suites/OrangeHRMSmokeTest">
        <properties>
            <property name="deviceName" value=""/>
            <property name="devicePlatform" value=""/>
            <property name="logFolder" value="C:\\Users\\Kannan\\Katalon Studio\\TestOrangeHRM\\Reports\\20191128_202139\\OrangeHRMSmokeTest\\20191128_202139"/>
            <property name="logFiles" value="C:\\Users\\Kannan\\Katalon Studio\\TestOrangeHRM\\Reports\\20191128_202139\\OrangeHRMSmokeTest\\20191128_202139\\execution0.log"/>
            <property name="attachments" value=""/>
            <property name="hostName" value="Kannan - DESKTOP-7CAFB21"/>
            <property name="os" value="Windows 10 64bit"/>
            <property name="katalonVersion" value="6.3.3.11"/>
            <property name="browser" value="Firefox 70.0"/>
            <property name="hostAddress" value="192.168.0.2"/>
            <property name="sessionId" value="a1a59be2-9570-402d-a307-bc32740dd360"/>
            <property name="seleniumVersion" value="3.141.59"/>
            <property name="proxyInformation" value="ProxyInformation{proxyOption=NO_PROXY, proxyServerType=HTTP, password=, proxyServerAddress=, proxyServerPort=0}"/>
            <property name="platform" value="Windows 10"/>
        </properties>
        <testcase name="Test Cases/Login/01_NavigateToURL" classname="Test Cases/Login/01_NavigateToURL" status="PASSED">
            <system-out>2019-11-28 20:21:45 - [TEST_CASE][PASSED] - Test Cases/Login/01_NavigateToURL: Test Cases/Login/01_NavigateToURL&#xD;
&#xD;
2019-11-28 20:21:45 - [TEST_STEP][PASSED] - openBrowser(""): Browser is opened with url: ''&#xD;
&#xD;
2019-11-28 20:21:46 - [MESSAGE][INFO] - Starting 'Firefox' driver&#xD;
&#xD;
2019-11-28 20:21:46 - [MESSAGE][INFO] - Action delay is set to 0 seconds&#xD;
&#xD;
2019-11-28 20:21:58 - [MESSAGE][PASSED] - Browser is opened with url: ''&#xD;
&#xD;
2019-11-28 20:21:58 - [TEST_STEP][PASSED] - navigateToUrl("https://opensource-demo.orangehrmlive.com/"): Navigate to 'https://opensource-demo.orangehrmlive.com/' successfully&#xD;
&#xD;
2019-11-28 20:22:02 - [MESSAGE][PASSED] - Navigate to 'https://opensource-demo.orangehrmlive.com/' successfully</system-out>
            <system-err></system-err>
        </testcase>
        <testcase name="Test Cases/Login/02_EnterUserCrential" classname="Test Cases/Login/02_EnterUserCrential" status="PASSED">
            <system-out>2019-11-28 20:22:02 - [TEST_CASE][PASSED] - Test Cases/Login/02_EnterUserCrential: Test Cases/Login/02_EnterUserCrential&#xD;
&#xD;
2019-11-28 20:22:02 - [TEST_STEP][PASSED] - setText(findTestObject("Login/UserName"), "Admin"): Text 'Admin' is set on object 'Object Repository/Login/UserName'&#xD;
&#xD;
2019-11-28 20:22:02 - [MESSAGE][PASSED] - Text 'Admin' is set on object 'Object Repository/Login/UserName'&#xD;
&#xD;
2019-11-28 20:22:02 - [TEST_STEP][PASSED] - setText(findTestObject("Login/UserPassword"), "admin123"): Text 'admin123' is set on object 'Object Repository/Login/UserPassword'&#xD;
&#xD;
2019-11-28 20:22:03 - [MESSAGE][PASSED] - Text 'admin123' is set on object 'Object Repository/Login/UserPassword'</system-out>
            <system-err></system-err>
        </testcase>
        <testcase name="Test Cases/Login/03_Click On Login" classname="Test Cases/Login/03_Click On Login" status="PASSED">
            <system-out>2019-11-28 20:22:03 - [TEST_CASE][PASSED] - Test Cases/Login/03_Click On Login: Test Cases/Login/03_Click On Login&#xD;
&#xD;
2019-11-28 20:22:03 - [TEST_STEP][PASSED] - click(findTestObject("Login/LoginBtn")): Object: 'Object Repository/Login/LoginBtn' is clicked on&#xD;
&#xD;
2019-11-28 20:22:07 - [MESSAGE][PASSED] - Object: 'Object Repository/Login/LoginBtn' is clicked on</system-out>
            <system-err></system-err>
        </testcase>
        <testcase name="Test Cases/Login/04_VerifyLoginSuccessfull" classname="Test Cases/Login/04_VerifyLoginSuccessfull" status="PASSED">
            <system-out>2019-11-28 20:22:07 - [TEST_CASE][PASSED] - Test Cases/Login/04_VerifyLoginSuccessfull: Test Cases/Login/04_VerifyLoginSuccessfull&#xD;
&#xD;
2019-11-28 20:22:07 - [TEST_STEP][PASSED] - return null: null</system-out>
            <system-err></system-err>
        </testcase>
        <testcase name="Test Cases/Login/05_Logout" classname="Test Cases/Login/05_Logout" status="PASSED">
            <system-out>2019-11-28 20:22:07 - [TEST_CASE][PASSED] - Test Cases/Login/05_Logout: Test Cases/Login/05_Logout&#xD;
&#xD;
2019-11-28 20:22:08 - [TEST_STEP][PASSED] - delay(2): Delayed 2 second(s)&#xD;
&#xD;
2019-11-28 20:22:10 - [MESSAGE][PASSED] - Delayed 2 second(s)&#xD;
&#xD;
2019-11-28 20:22:10 - [TEST_STEP][PASSED] - click(findTestObject("Page_OrangeHRM/a_Welcome Admin")): Object: 'Object Repository/Page_OrangeHRM/a_Welcome Admin' is clicked on&#xD;
&#xD;
2019-11-28 20:22:10 - [MESSAGE][PASSED] - Object: 'Object Repository/Page_OrangeHRM/a_Welcome Admin' is clicked on&#xD;
&#xD;
2019-11-28 20:22:10 - [TEST_STEP][PASSED] - click(findTestObject("Page_OrangeHRM/a_Logout")): Object: 'Object Repository/Page_OrangeHRM/a_Logout' is clicked on&#xD;
&#xD;
2019-11-28 20:22:11 - [MESSAGE][PASSED] - Object: 'Object Repository/Page_OrangeHRM/a_Logout' is clicked on</system-out>
            <system-err></system-err>
        </testcase>
        <system-out>2019-11-28 20:21:44 - [TEST_SUITE][INCOMPLETE] - OrangeHRMSmokeTest: null</system-out>
        <system-err>2019-11-28 20:21:44 - [TEST_SUITE][INCOMPLETE] - OrangeHRMSmokeTest: null</system-err>
    </testsuite>
</testsuites>
